<?xml version="1.0" encoding="UTF-8"?>
<testng-results ignored="0" total="4" passed="3" failed="0" skipped="1">
  <reporter-output>
  </reporter-output>
  <suite started-at="2025-04-25T00:22:36 IST" name="CrossBrowserSuite" finished-at="2025-04-25T00:23:18 IST" duration-ms="41694">
    <groups>
    </groups>
    <test started-at="2025-04-25T00:22:36 IST" name="SafariTest" finished-at="2025-04-25T00:22:36 IST" duration-ms="135">
      <class name="com.bandwidth.CrossBrowserTest">
        <test-method is-config="true" signature="setup(java.lang.String)[pri:0, instance:com.bandwidth.CrossBrowserTest@76a2ddf3]" started-at="2025-04-25T00:22:36 IST" name="setup" finished-at="2025-04-25T00:22:36 IST" duration-ms="44" status="SKIP">
          <params>
            <param index="0">
              <value>
                <![CDATA[safari]]>
              </value>
            </param>
          </params>
          <exception class="org.testng.SkipException">
            <message>
              <![CDATA[Unable to create Driver.
Driver is NULL. Execution skipped]]>
            </message>
            <full-stacktrace>
              <![CDATA[org.testng.SkipException: Unable to create Driver.
Driver is NULL. Execution skipped
at com.bandwidth.BaseSetup.setup(BaseSetup.java:41)
at java.base/jdk.internal.reflect.NativeMethodAccessorImpl.invoke0(Native Method)
at java.base/jdk.internal.reflect.NativeMethodAccessorImpl.invoke(NativeMethodAccessorImpl.java:62)
at java.base/jdk.internal.reflect.DelegatingMethodAccessorImpl.invoke(DelegatingMethodAccessorImpl.java:43)
at java.base/java.lang.reflect.Method.invoke(Method.java:566)
at org.testng.internal.invokers.MethodInvocationHelper.invokeMethod(MethodInvocationHelper.java:139)
at org.testng.internal.invokers.MethodInvocationHelper.invokeMethodConsideringTimeout(MethodInvocationHelper.java:69)
at org.testng.internal.invokers.ConfigInvoker.invokeConfigurationMethod(ConfigInvoker.java:390)
at org.testng.internal.invokers.ConfigInvoker.invokeConfigurations(ConfigInvoker.java:325)
at org.testng.internal.invokers.TestInvoker.runConfigMethods(TestInvoker.java:810)
at org.testng.internal.invokers.TestInvoker.invokeMethod(TestInvoker.java:577)
at org.testng.internal.invokers.TestInvoker.invokeTestMethod(TestInvoker.java:227)
at org.testng.internal.invokers.MethodRunner.runInSequence(MethodRunner.java:50)
at org.testng.internal.invokers.TestInvoker$MethodInvocationAgent.invoke(TestInvoker.java:957)
at org.testng.internal.invokers.TestInvoker.invokeTestMethods(TestInvoker.java:200)
at org.testng.internal.invokers.TestMethodWorker.invokeTestMethods(TestMethodWorker.java:148)
at org.testng.internal.invokers.TestMethodWorker.run(TestMethodWorker.java:128)
at java.base/java.util.ArrayList.forEach(ArrayList.java:1541)
at org.testng.TestRunner.privateRun(TestRunner.java:848)
at org.testng.TestRunner.run(TestRunner.java:621)
at org.testng.SuiteRunner.runTest(SuiteRunner.java:443)
at org.testng.SuiteRunner$SuiteWorker.run(SuiteRunner.java:481)
at org.testng.internal.thread.ThreadUtil.lambda$execute$0(ThreadUtil.java:58)
at java.base/java.util.concurrent.FutureTask.run(FutureTask.java:264)
at java.base/java.util.concurrent.ThreadPoolExecutor.runWorker(ThreadPoolExecutor.java:1128)
at java.base/java.util.concurrent.ThreadPoolExecutor$Worker.run(ThreadPoolExecutor.java:628)
at java.base/java.lang.Thread.run(Thread.java:834)
]]>
            </full-stacktrace>
          </exception> <!-- org.testng.SkipException -->
          <reporter-output>
          </reporter-output>
        </test-method> <!-- setup -->
        <test-method signature="launchSiteAndClick()[pri:0, instance:com.bandwidth.CrossBrowserTest@76a2ddf3]" started-at="2025-04-25T00:22:36 IST" name="launchSiteAndClick" finished-at="2025-04-25T00:22:36 IST" duration-ms="0" status="SKIP">
          <exception class="org.testng.SkipException">
            <message>
              <![CDATA[Unable to create Driver.
Driver is NULL. Execution skipped]]>
            </message>
            <full-stacktrace>
              <![CDATA[org.testng.SkipException: Unable to create Driver.
Driver is NULL. Execution skipped
at com.bandwidth.BaseSetup.setup(BaseSetup.java:41)
at java.base/jdk.internal.reflect.NativeMethodAccessorImpl.invoke0(Native Method)
at java.base/jdk.internal.reflect.NativeMethodAccessorImpl.invoke(NativeMethodAccessorImpl.java:62)
at java.base/jdk.internal.reflect.DelegatingMethodAccessorImpl.invoke(DelegatingMethodAccessorImpl.java:43)
at java.base/java.lang.reflect.Method.invoke(Method.java:566)
at org.testng.internal.invokers.MethodInvocationHelper.invokeMethod(MethodInvocationHelper.java:139)
at org.testng.internal.invokers.MethodInvocationHelper.invokeMethodConsideringTimeout(MethodInvocationHelper.java:69)
at org.testng.internal.invokers.ConfigInvoker.invokeConfigurationMethod(ConfigInvoker.java:390)
at org.testng.internal.invokers.ConfigInvoker.invokeConfigurations(ConfigInvoker.java:325)
at org.testng.internal.invokers.TestInvoker.runConfigMethods(TestInvoker.java:810)
at org.testng.internal.invokers.TestInvoker.invokeMethod(TestInvoker.java:577)
at org.testng.internal.invokers.TestInvoker.invokeTestMethod(TestInvoker.java:227)
at org.testng.internal.invokers.MethodRunner.runInSequence(MethodRunner.java:50)
at org.testng.internal.invokers.TestInvoker$MethodInvocationAgent.invoke(TestInvoker.java:957)
at org.testng.internal.invokers.TestInvoker.invokeTestMethods(TestInvoker.java:200)
at org.testng.internal.invokers.TestMethodWorker.invokeTestMethods(TestMethodWorker.java:148)
at org.testng.internal.invokers.TestMethodWorker.run(TestMethodWorker.java:128)
at java.base/java.util.ArrayList.forEach(ArrayList.java:1541)
at org.testng.TestRunner.privateRun(TestRunner.java:848)
at org.testng.TestRunner.run(TestRunner.java:621)
at org.testng.SuiteRunner.runTest(SuiteRunner.java:443)
at org.testng.SuiteRunner$SuiteWorker.run(SuiteRunner.java:481)
at org.testng.internal.thread.ThreadUtil.lambda$execute$0(ThreadUtil.java:58)
at java.base/java.util.concurrent.FutureTask.run(FutureTask.java:264)
at java.base/java.util.concurrent.ThreadPoolExecutor.runWorker(ThreadPoolExecutor.java:1128)
at java.base/java.util.concurrent.ThreadPoolExecutor$Worker.run(ThreadPoolExecutor.java:628)
at java.base/java.lang.Thread.run(Thread.java:834)
]]>
            </full-stacktrace>
          </exception> <!-- org.testng.SkipException -->
          <reporter-output>
          </reporter-output>
        </test-method> <!-- launchSiteAndClick -->
        <test-method is-config="true" signature="tearDown()[pri:0, instance:com.bandwidth.CrossBrowserTest@76a2ddf3]" started-at="2025-04-25T00:22:36 IST" name="tearDown" finished-at="2025-04-25T00:22:36 IST" duration-ms="0" status="SKIP">
          <reporter-output>
          </reporter-output>
        </test-method> <!-- tearDown -->
      </class> <!-- com.bandwidth.CrossBrowserTest -->
    </test> <!-- SafariTest -->
    <test started-at="2025-04-25T00:22:36 IST" name="FirefoxTest" finished-at="2025-04-25T00:23:07 IST" duration-ms="31025">
      <class name="com.bandwidth.CrossBrowserTest">
        <test-method is-config="true" signature="setup(java.lang.String)[pri:0, instance:com.bandwidth.CrossBrowserTest@c94fd30]" started-at="2025-04-25T00:22:36 IST" name="setup" finished-at="2025-04-25T00:22:48 IST" duration-ms="12202" status="PASS">
          <params>
            <param index="0">
              <value>
                <![CDATA[firefox]]>
              </value>
            </param>
          </params>
          <reporter-output>
          </reporter-output>
        </test-method> <!-- setup -->
        <test-method signature="launchSiteAndClick()[pri:0, instance:com.bandwidth.CrossBrowserTest@c94fd30]" started-at="2025-04-25T00:22:48 IST" name="launchSiteAndClick" finished-at="2025-04-25T00:23:06 IST" duration-ms="17830" status="PASS">
          <reporter-output>
          </reporter-output>
        </test-method> <!-- launchSiteAndClick -->
        <test-method is-config="true" signature="tearDown()[pri:0, instance:com.bandwidth.CrossBrowserTest@c94fd30]" started-at="2025-04-25T00:23:06 IST" name="tearDown" finished-at="2025-04-25T00:23:07 IST" duration-ms="915" status="PASS">
          <reporter-output>
          </reporter-output>
        </test-method> <!-- tearDown -->
      </class> <!-- com.bandwidth.CrossBrowserTest -->
    </test> <!-- FirefoxTest -->
    <test started-at="2025-04-25T00:22:36 IST" name="ChromeTest" finished-at="2025-04-25T00:23:10 IST" duration-ms="34183">
      <class name="com.bandwidth.CrossBrowserTest">
        <test-method is-config="true" signature="setup(java.lang.String)[pri:0, instance:com.bandwidth.CrossBrowserTest@1fa1cab1]" started-at="2025-04-25T00:22:36 IST" name="setup" finished-at="2025-04-25T00:22:46 IST" duration-ms="9648" status="PASS">
          <params>
            <param index="0">
              <value>
                <![CDATA[chrome]]>
              </value>
            </param>
          </params>
          <reporter-output>
          </reporter-output>
        </test-method> <!-- setup -->
        <test-method signature="launchSiteAndClick()[pri:0, instance:com.bandwidth.CrossBrowserTest@1fa1cab1]" started-at="2025-04-25T00:22:46 IST" name="launchSiteAndClick" finished-at="2025-04-25T00:23:10 IST" duration-ms="24060" status="PASS">
          <reporter-output>
          </reporter-output>
        </test-method> <!-- launchSiteAndClick -->
        <test-method is-config="true" signature="tearDown()[pri:0, instance:com.bandwidth.CrossBrowserTest@1fa1cab1]" started-at="2025-04-25T00:23:10 IST" name="tearDown" finished-at="2025-04-25T00:23:10 IST" duration-ms="399" status="PASS">
          <reporter-output>
          </reporter-output>
        </test-method> <!-- tearDown -->
      </class> <!-- com.bandwidth.CrossBrowserTest -->
    </test> <!-- ChromeTest -->
    <test started-at="2025-04-25T00:22:36 IST" name="EdgeTest" finished-at="2025-04-25T00:23:18 IST" duration-ms="41694">
      <class name="com.bandwidth.CrossBrowserTest">
        <test-method is-config="true" signature="setup(java.lang.String)[pri:0, instance:com.bandwidth.CrossBrowserTest@2c4d1ac]" started-at="2025-04-25T00:22:36 IST" name="setup" finished-at="2025-04-25T00:22:53 IST" duration-ms="16857" status="PASS">
          <params>
            <param index="0">
              <value>
                <![CDATA[edge]]>
              </value>
            </param>
          </params>
          <reporter-output>
          </reporter-output>
        </test-method> <!-- setup -->
        <test-method signature="launchSiteAndClick()[pri:0, instance:com.bandwidth.CrossBrowserTest@2c4d1ac]" started-at="2025-04-25T00:22:53 IST" name="launchSiteAndClick" finished-at="2025-04-25T00:23:17 IST" duration-ms="24524" status="PASS">
          <reporter-output>
          </reporter-output>
        </test-method> <!-- launchSiteAndClick -->
        <test-method is-config="true" signature="tearDown()[pri:0, instance:com.bandwidth.CrossBrowserTest@2c4d1ac]" started-at="2025-04-25T00:23:17 IST" name="tearDown" finished-at="2025-04-25T00:23:18 IST" duration-ms="240" status="PASS">
          <reporter-output>
          </reporter-output>
        </test-method> <!-- tearDown -->
      </class> <!-- com.bandwidth.CrossBrowserTest -->
    </test> <!-- EdgeTest -->
  </suite> <!-- CrossBrowserSuite -->
</testng-results>
